<?xml version="1.0" encoding="UTF-8"?>
<testsuite xmlns:xsi="http://www.w3.org/2001/XMLSchema-instance" xsi:noNamespaceSchemaLocation="https://maven.apache.org/surefire/maven-surefire-plugin/xsd/surefire-test-report-3.0.xsd" version="3.0" name="com.tn.query.node.LessThanOrEqualTest" time="0.004" tests="2" errors="0" skipped="0" failures="0">
  <properties>
    <property name="sun.desktop" value="windows"/>
    <property name="awt.toolkit" value="sun.awt.windows.WToolkit"/>
    <property name="java.specification.version" value="11"/>
    <property name="sun.cpu.isalist" value="amd64"/>
    <property name="sun.jnu.encoding" value="Cp1252"/>
    <property name="java.class.path" value="X:\projects\tn-query\tn-query\target\test-classes;X:\projects\tn-query\tn-query\target\classes;X:\.m2\repository\com\google\guava\guava-testlib\31.1-jre\guava-testlib-31.1-jre.jar;X:\.m2\repository\org\checkerframework\checker-qual\3.12.0\checker-qual-3.12.0.jar;X:\.m2\repository\com\google\errorprone\error_prone_annotations\2.11.0\error_prone_annotations-2.11.0.jar;X:\.m2\repository\com\google\j2objc\j2objc-annotations\1.3\j2objc-annotations-1.3.jar;X:\.m2\repository\com\google\guava\guava\31.1-jre\guava-31.1-jre.jar;X:\.m2\repository\com\google\guava\failureaccess\1.0.1\failureaccess-1.0.1.jar;X:\.m2\repository\com\google\guava\listenablefuture\9999.0-empty-to-avoid-conflict-with-guava\listenablefuture-9999.0-empty-to-avoid-conflict-with-guava.jar;X:\.m2\repository\junit\junit\4.13.2\junit-4.13.2.jar;X:\.m2\repository\org\hamcrest\hamcrest-core\1.3\hamcrest-core-1.3.jar;X:\.m2\repository\org\mockito\mockito-core\3.6.28\mockito-core-3.6.28.jar;X:\.m2\repository\net\bytebuddy\byte-buddy\1.10.18\byte-buddy-1.10.18.jar;X:\.m2\repository\net\bytebuddy\byte-buddy-agent\1.10.18\byte-buddy-agent-1.10.18.jar;X:\.m2\repository\org\objenesis\objenesis\3.1\objenesis-3.1.jar;X:\.m2\repository\com\google\code\findbugs\jsr305\3.0.2\jsr305-3.0.2.jar;X:\.m2\repository\org\junit\jupiter\junit-jupiter-api\5.8.2\junit-jupiter-api-5.8.2.jar;X:\.m2\repository\org\opentest4j\opentest4j\1.2.0\opentest4j-1.2.0.jar;X:\.m2\repository\org\junit\platform\junit-platform-commons\1.8.2\junit-platform-commons-1.8.2.jar;X:\.m2\repository\org\apiguardian\apiguardian-api\1.1.2\apiguardian-api-1.1.2.jar;X:\.m2\repository\org\junit\jupiter\junit-jupiter-engine\5.8.2\junit-jupiter-engine-5.8.2.jar;X:\.m2\repository\org\junit\platform\junit-platform-engine\1.8.2\junit-platform-engine-1.8.2.jar;"/>
    <property name="java.vm.vendor" value="AdoptOpenJDK"/>
    <property name="sun.arch.data.model" value="64"/>
    <property name="user.variant" value=""/>
    <property name="java.vendor.url" value="https://adoptopenjdk.net/"/>
    <property name="user.timezone" value="Europe/London"/>
    <property name="java.vm.specification.version" value="11"/>
    <property name="os.name" value="Windows 10"/>
    <property name="sun.java.launcher" value="SUN_STANDARD"/>
    <property name="user.country" value="GB"/>
    <property name="sun.boot.library.path" value="C:\Java\adopt\jdk-11.0.11.9\bin"/>
    <property name="sun.java.command" value="C:\Users\Nick Holt\AppData\Local\Temp\surefire12505294131935552752\surefirebooter8224359977816631271.jar C:\Users\Nick Holt\AppData\Local\Temp\surefire12505294131935552752 2022-08-27T10-44-31_561-jvmRun1 surefire12732892296781313727tmp surefire_07263279110274778784tmp"/>
    <property name="jdk.debug" value="release"/>
    <property name="surefire.test.class.path" value="X:\projects\tn-query\tn-query\target\test-classes;X:\projects\tn-query\tn-query\target\classes;X:\.m2\repository\com\google\guava\guava-testlib\31.1-jre\guava-testlib-31.1-jre.jar;X:\.m2\repository\org\checkerframework\checker-qual\3.12.0\checker-qual-3.12.0.jar;X:\.m2\repository\com\google\errorprone\error_prone_annotations\2.11.0\error_prone_annotations-2.11.0.jar;X:\.m2\repository\com\google\j2objc\j2objc-annotations\1.3\j2objc-annotations-1.3.jar;X:\.m2\repository\com\google\guava\guava\31.1-jre\guava-31.1-jre.jar;X:\.m2\repository\com\google\guava\failureaccess\1.0.1\failureaccess-1.0.1.jar;X:\.m2\repository\com\google\guava\listenablefuture\9999.0-empty-to-avoid-conflict-with-guava\listenablefuture-9999.0-empty-to-avoid-conflict-with-guava.jar;X:\.m2\repository\junit\junit\4.13.2\junit-4.13.2.jar;X:\.m2\repository\org\hamcrest\hamcrest-core\1.3\hamcrest-core-1.3.jar;X:\.m2\repository\org\mockito\mockito-core\3.6.28\mockito-core-3.6.28.jar;X:\.m2\repository\net\bytebuddy\byte-buddy\1.10.18\byte-buddy-1.10.18.jar;X:\.m2\repository\net\bytebuddy\byte-buddy-agent\1.10.18\byte-buddy-agent-1.10.18.jar;X:\.m2\repository\org\objenesis\objenesis\3.1\objenesis-3.1.jar;X:\.m2\repository\com\google\code\findbugs\jsr305\3.0.2\jsr305-3.0.2.jar;X:\.m2\repository\org\junit\jupiter\junit-jupiter-api\5.8.2\junit-jupiter-api-5.8.2.jar;X:\.m2\repository\org\opentest4j\opentest4j\1.2.0\opentest4j-1.2.0.jar;X:\.m2\repository\org\junit\platform\junit-platform-commons\1.8.2\junit-platform-commons-1.8.2.jar;X:\.m2\repository\org\apiguardian\apiguardian-api\1.1.2\apiguardian-api-1.1.2.jar;X:\.m2\repository\org\junit\jupiter\junit-jupiter-engine\5.8.2\junit-jupiter-engine-5.8.2.jar;X:\.m2\repository\org\junit\platform\junit-platform-engine\1.8.2\junit-platform-engine-1.8.2.jar;"/>
    <property name="sun.cpu.endian" value="little"/>
    <property name="user.home" value="C:\Users\Nick Holt"/>
    <property name="user.language" value="en"/>
    <property name="java.specification.vendor" value="Oracle Corporation"/>
    <property name="java.version.date" value="2021-04-20"/>
    <property name="java.home" value="C:\Java\adopt\jdk-11.0.11.9"/>
    <property name="file.separator" value="\"/>
    <property name="basedir" value="X:\projects\tn-query\tn-query"/>
    <property name="java.vm.compressedOopsMode" value="Zero based"/>
    <property name="line.separator" value="&#10;"/>
    <property name="java.specification.name" value="Java Platform API Specification"/>
    <property name="java.vm.specification.vendor" value="Oracle Corporation"/>
    <property name="java.awt.graphicsenv" value="sun.awt.Win32GraphicsEnvironment"/>
    <property name="surefire.real.class.path" value="C:\Users\Nick Holt\AppData\Local\Temp\surefire12505294131935552752\surefirebooter8224359977816631271.jar"/>
    <property name="user.script" value=""/>
    <property name="sun.management.compiler" value="HotSpot 64-Bit Tiered Compilers"/>
    <property name="java.runtime.version" value="11.0.11+9"/>
    <property name="user.name" value="Nick Holt"/>
    <property name="path.separator" value=";"/>
    <property name="os.version" value="10.0"/>
    <property name="java.runtime.name" value="OpenJDK Runtime Environment"/>
    <property name="file.encoding" value="Cp1252"/>
    <property name="java.vm.name" value="OpenJDK 64-Bit Server VM"/>
    <property name="java.vendor.version" value="AdoptOpenJDK-11.0.11+9"/>
    <property name="localRepository" value="X:\.m2\repository"/>
    <property name="java.vendor.url.bug" value="https://github.com/AdoptOpenJDK/openjdk-support/issues"/>
    <property name="java.io.tmpdir" value="C:\Users\NICKHO~1\AppData\Local\Temp\"/>
    <property name="java.version" value="11.0.11"/>
    <property name="user.dir" value="X:\projects\tn-query\tn-query"/>
    <property name="os.arch" value="amd64"/>
    <property name="java.vm.specification.name" value="Java Virtual Machine Specification"/>
    <property name="java.awt.printerjob" value="sun.awt.windows.WPrinterJob"/>
    <property name="sun.os.patch.level" value=""/>
    <property name="java.library.path" value="C:\Java\adopt\jdk-11.0.11.9\bin;C:\WINDOWS\Sun\Java\bin;C:\WINDOWS\system32;C:\WINDOWS;C:\Program Files\Oculus\Support\oculus-runtime;C:\Java\adopt\jdk-11.0.11.9\bin;C:\WINDOWS\system32;C:\WINDOWS;C:\WINDOWS\System32\Wbem;C:\WINDOWS\System32\WindowsPowerShell\v1.0\;C:\Program Files (x86)\ATI Technologies\ATI.ACE\Core-Static;C:\Program Files (x86)\Windows Live\Shared;C:\WINDOWS\System32\OpenSSH\;C:\Program Files (x86)\NVIDIA Corporation\PhysX\Common;C:\Program Files\NVIDIA Corporation\NVIDIA NvDLISR;C:\Node\node-v16.15.1-win-x64;C:\Program Files\Git\cmd;C:\Program Files\Docker\Docker\resources\bin;C:\ProgramData\DockerDesktop\version-bin;C:\Program Files (x86)\IDM Computer Solutions\UltraEdit\;C:\Program Files (x86)\IDM Computer Solutions\UltraCompare\;C:\Java\adopt\jdk-11.0.11.9\\bin;C:\Users\Nick Holt\AppData\Local\Microsoft\WindowsApps;C:\Users\Nick Holt\AppData\Roaming\Dashlane\4.6.5.21982\bin\Firefox_Extension\{442718d9-475e-452a-b3e1-fb1ee16b8e9f}\components;C:\Users\Nick Holt\AppData\Roaming\Dashlane\4.6.6.23032\bin\Firefox_Extension\{442718d9-475e-452a-b3e1-fb1ee16b8e9f}\components;C:\Users\Nick Holt\AppData\Roaming\npm;C:\Users\Nick Holt\AppData\Roaming\Dashlane\6.1907.0.17833\bin\Firefox_Extension\{442718d9-475e-452a-b3e1-fb1ee16b8e9f}\components;C:\Users\Nick Holt\AppData\Roaming\Dashlane\6.1907.0.17833\ucrt;C:\Users\Nick Holt\AppData\Roaming\Dashlane\6.1907.0.17833\bin\Qt;C:\Users\Nick Holt\AppData\Roaming\Dashlane\6.1907.0.17833\bin\Ssl;C:\Users\Nick Holt\AppData\Local\Programs\Microsoft VS Code\bin;C:\apache-maven-3.5.3\bin;C:\gradle-6.9.1\bin;X:\protoc-21.4\bin;;."/>
    <property name="java.vm.info" value="mixed mode"/>
    <property name="java.vendor" value="AdoptOpenJDK"/>
    <property name="java.vm.version" value="11.0.11+9"/>
    <property name="sun.io.unicode.encoding" value="UnicodeLittle"/>
    <property name="java.class.version" value="55.0"/>
  </properties>
  <testcase name="testToString" classname="com.tn.query.node.LessThanOrEqualTest" time="0.001"/>
  <testcase name="testEquality" classname="com.tn.query.node.LessThanOrEqualTest" time="0.002"/>
</testsuite>